<?xml version="1.0" encoding="utf-8" standalone="no"?>
<test-run id="2" testcasecount="1" result="Passed" total="1" passed="1" failed="0" inconclusive="0" skipped="0" asserts="1" engine-version="3.10.0.0" clr-version="4.0.30319.42000" start-time="2020-02-07 07:47:14Z" end-time="2020-02-07 07:47:14Z" duration="0.504449">
  <command-line><![CDATA["C:\Users\waldr\source\repos\CommonFunctions\packages\NUnit.ConsoleRunner.3.10.0\tools\nunit3-console.exe" ..\..\..\WindowsTests\bin\Debug\WindowsTests.dll --testparam helloType=formal]]></command-line>
  <test-suite type="Assembly" id="0-1002" name="WindowsTests.dll" fullname="C:\Users\waldr\source\repos\CommonFunctions\WindowsTests\bin\Debug\WindowsTests.dll" runstate="Runnable" testcasecount="1" result="Passed" start-time="2020-02-07 07:47:14Z" end-time="2020-02-07 07:47:14Z" duration="0.043135" total="1" passed="1" failed="0" warnings="0" inconclusive="0" skipped="0" asserts="1">
    <environment framework-version="3.12.0.0" clr-version="4.0.30319.42000" os-version="Microsoft Windows NT 10.0.18363.0" platform="Win32NT" cwd="C:\Users\waldr\source\repos\CommonFunctions\packages\NUnit.ConsoleRunner.3.10.0\tools" machine-name="DESKTOP-G116HND" user="waldr" user-domain="DESKTOP-G116HND" culture="en-US" uiculture="en-US" os-architecture="x64" />
    <settings>
      <setting name="DisposeRunners" value="True" />
      <setting name="WorkDirectory" value="C:\Users\waldr\source\repos\CommonFunctions\packages\NUnit.ConsoleRunner.3.10.0\tools" />
      <setting name="TestParametersDictionary" value="[helloType, formal]">
        <item key="helloType" value="formal" />
      </setting>
      <setting name="TestParameters" value="helloType=formal" />
      <setting name="ImageRuntimeVersion" value="4.0.30319" />
      <setting name="ImageTargetFrameworkName" value=".NETFramework,Version=v4.7.2" />
      <setting name="ImageRequiresX86" value="False" />
      <setting name="ImageRequiresDefaultAppDomainAssemblyResolver" value="False" />
      <setting name="NumberOfTestWorkers" value="8" />
    </settings>
    <properties>
      <property name="_PID" value="10364" />
      <property name="_APPDOMAIN" value="domain-" />
    </properties>
    <test-suite type="TestSuite" id="0-1003" name="WindowsTests" fullname="WindowsTests" runstate="Runnable" testcasecount="1" result="Passed" start-time="2020-02-07 07:47:14Z" end-time="2020-02-07 07:47:14Z" duration="0.025439" total="1" passed="1" failed="0" warnings="0" inconclusive="0" skipped="0" asserts="1">
      <test-suite type="TestFixture" id="0-1000" name="WindowsHelloTests" fullname="WindowsTests.WindowsHelloTests" classname="WindowsTests.WindowsHelloTests" runstate="Runnable" testcasecount="1" result="Passed" start-time="2020-02-07 07:47:14Z" end-time="2020-02-07 07:47:14Z" duration="0.021422" total="1" passed="1" failed="0" warnings="0" inconclusive="0" skipped="0" asserts="1">
        <test-case id="0-1001" name="SayContainsFrom" fullname="WindowsTests.WindowsHelloTests.SayContainsFrom" methodname="SayContainsFrom" classname="CommonTest.ContainsFromTest" runstate="Runnable" seed="1986468549" result="Passed" start-time="2020-02-07 07:47:14Z" end-time="2020-02-07 07:47:14Z" duration="0.007599" asserts="1">
          <output><![CDATA[Good Day Sir or Madame from Windows
]]></output>
        </test-case>
      </test-suite>
    </test-suite>
  </test-suite>
</test-run>